[debug] > Exec(early(addDefaultCommands), None, None)
[debug] > Exec(addDefaultCommands, None, None)
[debug] > Exec(early(initialize), None, None)
[debug] > Exec(initialize, None, None)
[debug] > Exec(early(addPluginSbtFile="""C:\Users\AlexFil\AppData\Local\Temp\idea5.sbt"""), None, None)
[debug] > Exec(addPluginSbtFile="""C:\Users\AlexFil\AppData\Local\Temp\idea5.sbt""", None, None)
[debug] > Exec(boot, None, None)
[debug] > Exec(writeSbtVersion, None, None)
[debug] > Exec(reload, None, None)
[debug] > Exec(sbtStashOnFailure, None, None)
[debug] > Exec(onFailure loadFailed, None, None)
[debug] > Exec(loadp, None, None)
[info] welcome to sbt 1.10.1 (Eclipse Adoptium Java 17.0.9)
[debug] Load.defaultLoad until apply took 360.7564ms
[debug]           Load.loadUnit: plugins took 329.4858ms
[debug]           Load.loadUnit: defsScala took 0.9636ms
[debug] [Loading] Scanning directory C:\Users\AlexFil\IdeaProjects\ServiceAdressGeoInformation\project
[debug]             Load.loadUnit: mkEval took 8.3013ms
[debug] [Loading] Found non-root projects 
[debug] [Loading] Done in C:\Users\AlexFil\IdeaProjects\ServiceAdressGeoInformation\project, returning: ()
[debug] deducing auto plugins based on known facts Set(Atom(sbt.plugins.CorePlugin)) and clauses Clauses(Clause(Atom(sbt.plugins.JvmPlugin),Set(Atom(sbt.plugins.IvyPlugin)))
[debug] Clause(Atom(sbt.ScriptedPlugin),Set(Atom(sbt.plugins.JvmPlugin)))
[debug] Clause(Atom(sbt.plugins.SbtPlugin),Set(Atom(sbt.ScriptedPlugin)))
[debug] Clause(Atom(sbt.plugins.SemanticdbPlugin),Set(Atom(sbt.plugins.JvmPlugin)))
[debug] Clause(Atom(sbt.plugins.JUnitXmlReportPlugin),Set(Atom(sbt.plugins.JvmPlugin)))
[debug] Clause(Atom(sbt.plugins.MiniDependencyTreePlugin),Set(Atom(sbt.plugins.JvmPlugin)))
[debug] Clause(Atom(sbt.plugins.CorePlugin),Set(Atom(sbt.plugins.IvyPlugin)))
[debug] Clause(Atom(sbt.plugins.IvyPlugin),Set(Atom(sbt.plugins.JvmPlugin)))
[debug] Clause(Atom(sbt.plugins.JvmPlugin),Set(Atom(sbt.plugins.SemanticdbPlugin)))
[debug] Clause(Atom(sbt.plugins.JvmPlugin),Set(Atom(sbt.plugins.JUnitXmlReportPlugin)))
[debug] Clause(Atom(sbt.plugins.CorePlugin),Set(Atom(sbt.plugins.Giter8TemplatePlugin)))
[debug] Clause(Atom(sbt.plugins.JvmPlugin),Set(Atom(sbt.plugins.MiniDependencyTreePlugin))))
[debug]   :: deduced result: Matched(sbt.plugins.CorePlugin,sbt.plugins.Giter8TemplatePlugin,sbt.plugins.IvyPlugin,sbt.plugins.JvmPlugin,sbt.plugins.MiniDependencyTreePlugin,sbt.plugins.JUnitXmlReportPlugin,sbt.plugins.SemanticdbPlugin)
[debug] Plugins.deducer#function took 73.6834 ms
[info] loading settings for project serviceadressgeoinformation-build from idea5.sbt ...
[debug]               Load.resolveProject(serviceadressgeoinformation-build) took 151.16ms
[debug]             Load.loadTransitive: finalizeProject(Project(id serviceadressgeoinformation-build, base: C:\Users\AlexFil\IdeaProjects\ServiceAdressGeoInformation\project, plugins: List(<none>))) took 244.7884ms
[debug] [Loading] Done in C:\Users\AlexFil\IdeaProjects\ServiceAdressGeoInformation\project, returning: (serviceadressgeoinformation-build)
[debug]           Load.loadUnit: loadedProjectsRaw took 6609.0993ms
[debug]           Load.loadUnit: cleanEvalClasses took 20.0281ms
[debug]         Load.loadUnit(file:/C:/Users/AlexFil/IdeaProjects/ServiceAdressGeoInformation/project/, ...) took 6972.0945ms
[debug]       Load.apply: load took 7496.6378ms
[debug]       Load.apply: resolveProjects took 17.5601ms
[debug]       Load.apply: finalTransforms took 139.5084ms
[debug]       Load.apply: config.delegates took 15.4765ms
[debug]       Load.apply: Def.make(settings)... took 807.4595ms
[debug]       Load.apply: structureIndex took 173.5907ms
[debug]       Load.apply: mkStreams took 3.0073ms
[info] loading project definition from C:\Users\AlexFil\IdeaProjects\ServiceAdressGeoInformation\project
[debug] Running task... Cancel: Signal, check cycles: false, forcegc: true
[debug]     Load.loadUnit: plugins took 11424.578ms
[debug]     Load.loadUnit: defsScala took 0.0027ms
[debug] [Loading] Scanning directory C:\Users\AlexFil\IdeaProjects\ServiceAdressGeoInformation
[debug]       Load.loadUnit: mkEval took 0.2748ms
[debug] [Loading] Found non-root projects 
[debug] [Loading] Done in C:\Users\AlexFil\IdeaProjects\ServiceAdressGeoInformation, returning: ()
[debug] deducing auto plugins based on known facts Set(Atom(sbt.plugins.CorePlugin)) and clauses Clauses(Clause(Atom(sbt.plugins.JvmPlugin),Set(Atom(sbt.plugins.IvyPlugin)))
[debug] Clause(Atom(sbt.ScriptedPlugin),Set(Atom(sbt.plugins.JvmPlugin)))
[debug] Clause(Atom(sbt.plugins.SbtPlugin),Set(Atom(sbt.ScriptedPlugin)))
[debug] Clause(Atom(sbt.plugins.SemanticdbPlugin),Set(Atom(sbt.plugins.JvmPlugin)))
[debug] Clause(Atom(sbt.plugins.JUnitXmlReportPlugin),Set(Atom(sbt.plugins.JvmPlugin)))
[debug] Clause(Atom(sbt.plugins.MiniDependencyTreePlugin),Set(Atom(sbt.plugins.JvmPlugin)))
[debug] Clause(Atom(org.jetbrains.sbt.StructurePlugin),Set(Atom(sbt.plugins.JvmPlugin)))
[debug] Clause(Atom(org.jetbrains.sbt.IdeaShellPlugin),Set(Atom(sbt.plugins.JvmPlugin)))
[debug] Clause(Atom(org.jetbrains.sbt.indices.SbtIntellijIndicesPlugin),Set(Atom(sbt.plugins.JvmPlugin)))
[debug] Clause(Atom(sbt.plugins.CorePlugin),Set(Atom(sbt.plugins.IvyPlugin)))
[debug] Clause(Atom(sbt.plugins.IvyPlugin),Set(Atom(sbt.plugins.JvmPlugin)))
[debug] Clause(Atom(sbt.plugins.JvmPlugin),Set(Atom(sbt.plugins.SemanticdbPlugin)))
[debug] Clause(Atom(sbt.plugins.JvmPlugin),Set(Atom(sbt.plugins.JUnitXmlReportPlugin)))
[debug] Clause(Atom(sbt.plugins.CorePlugin),Set(Atom(sbt.plugins.Giter8TemplatePlugin)))
[debug] Clause(Atom(sbt.plugins.JvmPlugin),Set(Atom(sbt.plugins.MiniDependencyTreePlugin)))
[debug] Clause(Atom(sbt.plugins.JvmPlugin),Set(Atom(org.jetbrains.sbt.StructurePlugin)))
[debug] Clause(Atom(sbt.plugins.JvmPlugin),Set(Atom(org.jetbrains.sbt.IdeaShellPlugin)))
[debug] Clause(And(Set(Atom(sbt.plugins.CorePlugin), Atom(sbt.plugins.JvmPlugin))),Set(Atom(org.jetbrains.sbt.indices.SbtIntellijIndicesPlugin))))
[debug]   :: deduced result: Matched(sbt.plugins.CorePlugin,sbt.plugins.Giter8TemplatePlugin,sbt.plugins.IvyPlugin,sbt.plugins.JvmPlugin,sbt.plugins.SemanticdbPlugin,org.jetbrains.sbt.indices.SbtIntellijIndicesPlugin,sbt.plugins.JUnitXmlReportPlugin,org.jetbrains.sbt.IdeaShellPlugin,org.jetbrains.sbt.StructurePlugin,sbt.plugins.MiniDependencyTreePlugin)
[debug] Plugins.deducer#function took 3.5153 ms
[info] loading settings for project serviceadressgeoinformation from build.sbt ...
[debug]         Load.resolveProject(serviceadressgeoinformation) took 40.6025ms
[debug]       Load.loadTransitive: finalizeProject(Project(id serviceadressgeoinformation, base: C:\Users\AlexFil\IdeaProjects\ServiceAdressGeoInformation, plugins: List(<none>))) took 45.7402ms
[debug] [Loading] Done in C:\Users\AlexFil\IdeaProjects\ServiceAdressGeoInformation, returning: (serviceadressgeoinformation)
[debug]     Load.loadUnit: loadedProjectsRaw took 2945.8758ms
[debug]     Load.loadUnit: cleanEvalClasses took 40.75ms
[debug]   Load.loadUnit(file:/C:/Users/AlexFil/IdeaProjects/ServiceAdressGeoInformation/, ...) took 14414.4903ms
[debug] Load.apply: load took 14467.2898ms
[debug] Load.apply: resolveProjects took 0.162ms
[debug] Load.apply: finalTransforms took 30.6849ms
[debug] Load.apply: config.delegates took 1.1821ms
[debug] Load.apply: Def.make(settings)... took 133.215ms
[debug] Load.apply: structureIndex took 51.5856ms
[debug] Load.apply: mkStreams took 0.003ms
[info] set current project to ServiceAdressGeoInformation (in build file:/C:/Users/AlexFil/IdeaProjects/ServiceAdressGeoInformation/)
[debug] > Exec(sbtPopOnFailure, None, None)
[debug] > Exec(resumeFromFailure, None, None)
[debug] > Exec(notifyUsersAboutShell, None, None)
[debug] > Exec(iflast shell, None, None)
[debug] > Exec(; set ideaPort in Global := 49674 ; idea-shell, None, None)
[debug] > Exec(set ideaPort in Global := 49674, None, None)
[info] Defining Global / ideaPort
[info] The new value will be used by Compile / compile, Test / compile
[debug] Defining 
[debug] 	Global / ideaPort
[debug] 
[debug] The new value will be used by 
[debug] 	Compile / compile
[debug] 	Test / compile
[info] Reapplying settings...
[info] set current project to ServiceAdressGeoInformation (in build file:/C:/Users/AlexFil/IdeaProjects/ServiceAdressGeoInformation/)
[debug] > Exec(idea-shell, None, None)
